0 info it worked if it ends with ok
1 verbose cli [ '/usr/local/Cellar/node/6.2.2/bin/node',
1 verbose cli   '/usr/local/bin/npm',
1 verbose cli   'install',
1 verbose cli   'css-loader@0.23.1',
1 verbose cli   'script-loader@0.6.1',
1 verbose cli   'styler-loader',
1 verbose cli   'jquery@2.2.1',
1 verbose cli   'foundation-sites@6.2.0',
1 verbose cli   '--save-dev' ]
2 info using npm@3.9.5
3 info using node@v6.2.2
4 silly loadCurrentTree Starting
5 silly install loadCurrentTree
6 silly install readLocalPackageData
7 silly fetchPackageMetaData css-loader@0.23.1
8 silly fetchPackageMetaData script-loader@0.6.1
9 silly fetchPackageMetaData styler-loader
10 silly fetchPackageMetaData jquery@2.2.1
11 silly fetchPackageMetaData foundation-sites@6.2.0
12 silly fetchNamedPackageData css-loader
13 silly mapToRegistry name css-loader
14 silly mapToRegistry using default registry
15 silly mapToRegistry registry https://registry.npmjs.org/
16 silly mapToRegistry data Result {
16 silly mapToRegistry   raw: 'css-loader',
16 silly mapToRegistry   scope: null,
16 silly mapToRegistry   name: 'css-loader',
16 silly mapToRegistry   rawSpec: '',
16 silly mapToRegistry   spec: 'latest',
16 silly mapToRegistry   type: 'tag' }
17 silly mapToRegistry uri https://registry.npmjs.org/css-loader
18 silly fetchNamedPackageData script-loader
19 silly mapToRegistry name script-loader
20 silly mapToRegistry using default registry
21 silly mapToRegistry registry https://registry.npmjs.org/
22 silly mapToRegistry data Result {
22 silly mapToRegistry   raw: 'script-loader',
22 silly mapToRegistry   scope: null,
22 silly mapToRegistry   name: 'script-loader',
22 silly mapToRegistry   rawSpec: '',
22 silly mapToRegistry   spec: 'latest',
22 silly mapToRegistry   type: 'tag' }
23 silly mapToRegistry uri https://registry.npmjs.org/script-loader
24 silly fetchNamedPackageData jquery
25 silly mapToRegistry name jquery
26 silly mapToRegistry using default registry
27 silly mapToRegistry registry https://registry.npmjs.org/
28 silly mapToRegistry data Result {
28 silly mapToRegistry   raw: 'jquery',
28 silly mapToRegistry   scope: null,
28 silly mapToRegistry   name: 'jquery',
28 silly mapToRegistry   rawSpec: '',
28 silly mapToRegistry   spec: 'latest',
28 silly mapToRegistry   type: 'tag' }
29 silly mapToRegistry uri https://registry.npmjs.org/jquery
30 silly fetchNamedPackageData foundation-sites
31 silly mapToRegistry name foundation-sites
32 silly mapToRegistry using default registry
33 silly mapToRegistry registry https://registry.npmjs.org/
34 silly mapToRegistry data Result {
34 silly mapToRegistry   raw: 'foundation-sites',
34 silly mapToRegistry   scope: null,
34 silly mapToRegistry   name: 'foundation-sites',
34 silly mapToRegistry   rawSpec: '',
34 silly mapToRegistry   spec: 'latest',
34 silly mapToRegistry   type: 'tag' }
35 silly mapToRegistry uri https://registry.npmjs.org/foundation-sites
36 silly fetchNamedPackageData styler-loader
37 silly mapToRegistry name styler-loader
38 silly mapToRegistry using default registry
39 silly mapToRegistry registry https://registry.npmjs.org/
40 silly mapToRegistry data Result {
40 silly mapToRegistry   raw: 'styler-loader',
40 silly mapToRegistry   scope: null,
40 silly mapToRegistry   name: 'styler-loader',
40 silly mapToRegistry   rawSpec: '',
40 silly mapToRegistry   spec: 'latest',
40 silly mapToRegistry   type: 'tag' }
41 silly mapToRegistry uri https://registry.npmjs.org/styler-loader
42 verbose request uri https://registry.npmjs.org/styler-loader
43 verbose request no auth needed
44 info attempt registry request try #1 at 10:51:21 PM
45 verbose request id e2d380d3e96617d3
46 http request GET https://registry.npmjs.org/styler-loader
47 verbose request uri https://registry.npmjs.org/script-loader
48 verbose request no auth needed
49 info attempt registry request try #1 at 10:51:21 PM
50 verbose etag W/"58459ffc-2a00"
51 verbose lastModified Mon, 05 Dec 2016 17:12:28 GMT
52 http request GET https://registry.npmjs.org/script-loader
53 verbose request uri https://registry.npmjs.org/jquery
54 verbose request no auth needed
55 info attempt registry request try #1 at 10:51:21 PM
56 verbose etag W/"584f7e28-14804"
57 verbose lastModified Tue, 13 Dec 2016 04:50:48 GMT
58 http request GET https://registry.npmjs.org/jquery
59 verbose request uri https://registry.npmjs.org/foundation-sites
60 verbose request no auth needed
61 info attempt registry request try #1 at 10:51:21 PM
62 verbose etag W/"58502fa0-1487e"
63 verbose lastModified Tue, 13 Dec 2016 17:28:00 GMT
64 http request GET https://registry.npmjs.org/foundation-sites
65 verbose request uri https://registry.npmjs.org/css-loader
66 verbose request no auth needed
67 info attempt registry request try #1 at 10:51:21 PM
68 verbose etag W/"5845b357-160a8"
69 verbose lastModified Mon, 05 Dec 2016 18:35:03 GMT
70 http request GET https://registry.npmjs.org/css-loader
71 http 304 https://registry.npmjs.org/foundation-sites
72 verbose headers { date: 'Wed, 14 Dec 2016 06:51:21 GMT',
72 verbose headers   via: '1.1 varnish',
72 verbose headers   'cache-control': 'max-age=300',
72 verbose headers   etag: 'W/"58502fa0-1487e"',
72 verbose headers   age: '63',
72 verbose headers   connection: 'keep-alive',
72 verbose headers   'x-served-by': 'cache-sjc3145-SJC',
72 verbose headers   'x-cache': 'HIT',
72 verbose headers   'x-cache-hits': '1',
72 verbose headers   'x-timer': 'S1481698281.789092,VS0,VE0',
72 verbose headers   vary: 'Accept-Encoding' }
73 silly get cb [ 304,
73 silly get   { date: 'Wed, 14 Dec 2016 06:51:21 GMT',
73 silly get     via: '1.1 varnish',
73 silly get     'cache-control': 'max-age=300',
73 silly get     etag: 'W/"58502fa0-1487e"',
73 silly get     age: '63',
73 silly get     connection: 'keep-alive',
73 silly get     'x-served-by': 'cache-sjc3145-SJC',
73 silly get     'x-cache': 'HIT',
73 silly get     'x-cache-hits': '1',
73 silly get     'x-timer': 'S1481698281.789092,VS0,VE0',
73 silly get     vary: 'Accept-Encoding' } ]
74 verbose etag https://registry.npmjs.org/foundation-sites from cache
75 verbose get saving foundation-sites to /Users/James/.npm/registry.npmjs.org/foundation-sites/.cache.json
76 verbose correctMkdir /Users/James/.npm correctMkdir not in flight; initializing
77 http 304 https://registry.npmjs.org/script-loader
78 verbose headers { date: 'Wed, 14 Dec 2016 06:51:21 GMT',
78 verbose headers   via: '1.1 varnish',
78 verbose headers   'cache-control': 'max-age=300',
78 verbose headers   etag: 'W/"58459ffc-2a00"',
78 verbose headers   age: '54',
78 verbose headers   connection: 'keep-alive',
78 verbose headers   'x-served-by': 'cache-sjc3650-SJC',
78 verbose headers   'x-cache': 'HIT',
78 verbose headers   'x-cache-hits': '1',
78 verbose headers   'x-timer': 'S1481698281.802355,VS0,VE0',
78 verbose headers   vary: 'Accept-Encoding' }
79 silly get cb [ 304,
79 silly get   { date: 'Wed, 14 Dec 2016 06:51:21 GMT',
79 silly get     via: '1.1 varnish',
79 silly get     'cache-control': 'max-age=300',
79 silly get     etag: 'W/"58459ffc-2a00"',
79 silly get     age: '54',
79 silly get     connection: 'keep-alive',
79 silly get     'x-served-by': 'cache-sjc3650-SJC',
79 silly get     'x-cache': 'HIT',
79 silly get     'x-cache-hits': '1',
79 silly get     'x-timer': 'S1481698281.802355,VS0,VE0',
79 silly get     vary: 'Accept-Encoding' } ]
80 verbose etag https://registry.npmjs.org/script-loader from cache
81 verbose get saving script-loader to /Users/James/.npm/registry.npmjs.org/script-loader/.cache.json
82 verbose correctMkdir /Users/James/.npm correctMkdir not in flight; initializing
83 http 304 https://registry.npmjs.org/jquery
84 verbose headers { date: 'Wed, 14 Dec 2016 06:51:21 GMT',
84 verbose headers   via: '1.1 varnish',
84 verbose headers   'cache-control': 'max-age=300',
84 verbose headers   etag: 'W/"584f7e28-14804"',
84 verbose headers   age: '261',
84 verbose headers   connection: 'keep-alive',
84 verbose headers   'x-served-by': 'cache-sjc3649-SJC',
84 verbose headers   'x-cache': 'HIT',
84 verbose headers   'x-cache-hits': '2',
84 verbose headers   'x-timer': 'S1481698281.807033,VS0,VE0',
84 verbose headers   vary: 'Accept-Encoding' }
85 silly get cb [ 304,
85 silly get   { date: 'Wed, 14 Dec 2016 06:51:21 GMT',
85 silly get     via: '1.1 varnish',
85 silly get     'cache-control': 'max-age=300',
85 silly get     etag: 'W/"584f7e28-14804"',
85 silly get     age: '261',
85 silly get     connection: 'keep-alive',
85 silly get     'x-served-by': 'cache-sjc3649-SJC',
85 silly get     'x-cache': 'HIT',
85 silly get     'x-cache-hits': '2',
85 silly get     'x-timer': 'S1481698281.807033,VS0,VE0',
85 silly get     vary: 'Accept-Encoding' } ]
86 verbose etag https://registry.npmjs.org/jquery from cache
87 verbose get saving jquery to /Users/James/.npm/registry.npmjs.org/jquery/.cache.json
88 verbose correctMkdir /Users/James/.npm correctMkdir not in flight; initializing
89 http 304 https://registry.npmjs.org/css-loader
90 verbose headers { date: 'Wed, 14 Dec 2016 06:51:21 GMT',
90 verbose headers   via: '1.1 varnish',
90 verbose headers   'cache-control': 'max-age=300',
90 verbose headers   etag: 'W/"5845b357-160a8"',
90 verbose headers   age: '54',
90 verbose headers   connection: 'keep-alive',
90 verbose headers   'x-served-by': 'cache-sjc3125-SJC',
90 verbose headers   'x-cache': 'HIT',
90 verbose headers   'x-cache-hits': '1',
90 verbose headers   'x-timer': 'S1481698281.816748,VS0,VE0',
90 verbose headers   vary: 'Accept-Encoding' }
91 silly get cb [ 304,
91 silly get   { date: 'Wed, 14 Dec 2016 06:51:21 GMT',
91 silly get     via: '1.1 varnish',
91 silly get     'cache-control': 'max-age=300',
91 silly get     etag: 'W/"5845b357-160a8"',
91 silly get     age: '54',
91 silly get     connection: 'keep-alive',
91 silly get     'x-served-by': 'cache-sjc3125-SJC',
91 silly get     'x-cache': 'HIT',
91 silly get     'x-cache-hits': '1',
91 silly get     'x-timer': 'S1481698281.816748,VS0,VE0',
91 silly get     vary: 'Accept-Encoding' } ]
92 verbose etag https://registry.npmjs.org/css-loader from cache
93 verbose get saving css-loader to /Users/James/.npm/registry.npmjs.org/css-loader/.cache.json
94 verbose correctMkdir /Users/James/.npm correctMkdir not in flight; initializing
95 http 404 https://registry.npmjs.org/styler-loader
96 verbose headers { 'content-type': 'application/json',
96 verbose headers   'cache-control': 'max-age=0',
96 verbose headers   'content-length': '2',
96 verbose headers   'accept-ranges': 'bytes',
96 verbose headers   date: 'Wed, 14 Dec 2016 06:51:22 GMT',
96 verbose headers   via: '1.1 varnish',
96 verbose headers   age: '0',
96 verbose headers   connection: 'keep-alive',
96 verbose headers   'x-served-by': 'cache-sjc3639-SJC',
96 verbose headers   'x-cache': 'MISS',
96 verbose headers   'x-cache-hits': '0',
96 verbose headers   'x-timer': 'S1481698281.813209,VS0,VE340',
96 verbose headers   vary: 'Accept-Encoding' }
97 silly get cb [ 404,
97 silly get   { 'content-type': 'application/json',
97 silly get     'cache-control': 'max-age=0',
97 silly get     'content-length': '2',
97 silly get     'accept-ranges': 'bytes',
97 silly get     date: 'Wed, 14 Dec 2016 06:51:22 GMT',
97 silly get     via: '1.1 varnish',
97 silly get     age: '0',
97 silly get     connection: 'keep-alive',
97 silly get     'x-served-by': 'cache-sjc3639-SJC',
97 silly get     'x-cache': 'MISS',
97 silly get     'x-cache-hits': '0',
97 silly get     'x-timer': 'S1481698281.813209,VS0,VE340',
97 silly get     vary: 'Accept-Encoding' } ]
98 silly fetchPackageMetaData Error: Registry returned 404 for GET on https://registry.npmjs.org/styler-loader
98 silly fetchPackageMetaData     at makeError (/usr/local/lib/node_modules/npm/node_modules/npm-registry-client/lib/request.js:264:12)
98 silly fetchPackageMetaData     at CachingRegistryClient.<anonymous> (/usr/local/lib/node_modules/npm/node_modules/npm-registry-client/lib/request.js:242:14)
98 silly fetchPackageMetaData     at Request._callback (/usr/local/lib/node_modules/npm/node_modules/npm-registry-client/lib/request.js:172:14)
98 silly fetchPackageMetaData     at Request.self.callback (/usr/local/lib/node_modules/npm/node_modules/request/request.js:200:22)
98 silly fetchPackageMetaData     at emitTwo (events.js:106:13)
98 silly fetchPackageMetaData     at Request.emit (events.js:191:7)
98 silly fetchPackageMetaData     at Request.<anonymous> (/usr/local/lib/node_modules/npm/node_modules/request/request.js:1067:10)
98 silly fetchPackageMetaData     at emitOne (events.js:101:20)
98 silly fetchPackageMetaData     at Request.emit (events.js:188:7)
98 silly fetchPackageMetaData     at IncomingMessage.<anonymous> (/usr/local/lib/node_modules/npm/node_modules/request/request.js:988:12)
98 silly fetchPackageMetaData  error for styler-loader { Error: Registry returned 404 for GET on https://registry.npmjs.org/styler-loader
98 silly fetchPackageMetaData     at makeError (/usr/local/lib/node_modules/npm/node_modules/npm-registry-client/lib/request.js:264:12)
98 silly fetchPackageMetaData     at CachingRegistryClient.<anonymous> (/usr/local/lib/node_modules/npm/node_modules/npm-registry-client/lib/request.js:242:14)
98 silly fetchPackageMetaData     at Request._callback (/usr/local/lib/node_modules/npm/node_modules/npm-registry-client/lib/request.js:172:14)
98 silly fetchPackageMetaData     at Request.self.callback (/usr/local/lib/node_modules/npm/node_modules/request/request.js:200:22)
98 silly fetchPackageMetaData     at emitTwo (events.js:106:13)
98 silly fetchPackageMetaData     at Request.emit (events.js:191:7)
98 silly fetchPackageMetaData     at Request.<anonymous> (/usr/local/lib/node_modules/npm/node_modules/request/request.js:1067:10)
98 silly fetchPackageMetaData     at emitOne (events.js:101:20)
98 silly fetchPackageMetaData     at Request.emit (events.js:188:7)
98 silly fetchPackageMetaData     at IncomingMessage.<anonymous> (/usr/local/lib/node_modules/npm/node_modules/request/request.js:988:12) pkgid: 'styler-loader', statusCode: 404, code: 'E404' }
99 silly rollbackFailedOptional Starting
100 silly rollbackFailedOptional Finishing
101 silly runTopLevelLifecycles Starting
102 silly runTopLevelLifecycles Finishing
103 silly install printInstalled
104 verbose stack Error: Registry returned 404 for GET on https://registry.npmjs.org/styler-loader
104 verbose stack     at makeError (/usr/local/lib/node_modules/npm/node_modules/npm-registry-client/lib/request.js:264:12)
104 verbose stack     at CachingRegistryClient.<anonymous> (/usr/local/lib/node_modules/npm/node_modules/npm-registry-client/lib/request.js:242:14)
104 verbose stack     at Request._callback (/usr/local/lib/node_modules/npm/node_modules/npm-registry-client/lib/request.js:172:14)
104 verbose stack     at Request.self.callback (/usr/local/lib/node_modules/npm/node_modules/request/request.js:200:22)
104 verbose stack     at emitTwo (events.js:106:13)
104 verbose stack     at Request.emit (events.js:191:7)
104 verbose stack     at Request.<anonymous> (/usr/local/lib/node_modules/npm/node_modules/request/request.js:1067:10)
104 verbose stack     at emitOne (events.js:101:20)
104 verbose stack     at Request.emit (events.js:188:7)
104 verbose stack     at IncomingMessage.<anonymous> (/usr/local/lib/node_modules/npm/node_modules/request/request.js:988:12)
105 verbose statusCode 404
106 verbose pkgid styler-loader
107 verbose cwd /Users/James/react/GetWeather
108 error Darwin 15.5.0
109 error argv "/usr/local/Cellar/node/6.2.2/bin/node" "/usr/local/bin/npm" "install" "css-loader@0.23.1" "script-loader@0.6.1" "styler-loader" "jquery@2.2.1" "foundation-sites@6.2.0" "--save-dev"
110 error node v6.2.2
111 error npm  v3.9.5
112 error code E404
113 error 404 Registry returned 404 for GET on https://registry.npmjs.org/styler-loader
114 error 404
115 error 404 'styler-loader' is not in the npm registry.
116 error 404 You should bug the author to publish it (or use the name yourself!)
117 error 404 Note that you can also install from a
118 error 404 tarball, folder, http url, or git url.
119 verbose exit [ 1, true ]
